********************************************************************************
DUPLICATOR-LITE PACKAGE-LOG: September 26, 2024 7:18 am
NOTICE: Do NOT post to public sites or forums 
********************************************************************************
VERSION:	1.5.11
WORDPRESS:	6.6.2
PHP INFO:	7.4.33 | SAPI: apache2handler
SERVER:		Apache/2.4.54 (Win64) OpenSSL/1.1.1p PHP/7.4.33 
PHP TIME LIMIT: (0) no time limit imposed 
PHP MAX MEMORY: 4294967296 (512M default) 
MEMORY STACK: 6MB

********************************************************************************
DATABASE:
********************************************************************************
BUILD MODE:   MYSQLDUMP
MYSQLTIMEOUT: 5000
MYSQLDUMP:    Is Supported
SQL CREATED: 20240926_flavourfuse_fb87d78b425043ab6069_20240926071806_database.sql
SQL FILE SIZE: 4.2MB (4403386)
SQL FILE TIME: 2024-09-26 07:18:30
SQL RUNTIME: 13.18 sec.

********************************************************************************
ARCHIVE (ZIP):
********************************************************************************
ARCHIVE DIR:  G:/MAHMUD/PHP/htdocs/wdpf60_wordpress/wordpress_2
ARCHIVE FILE: 20240926_flavourfuse_fb87d78b425043ab6069_20240926071806_archive.zip
FILTERS: *OFF*
DIRS:
	not set
FILES:
	not set
EXTS:  not set
----------------------------------------
COMPRESSING
SIZE:	221.71MB
STATS:	Dirs 1,517 | Files 8,133
SQL ADDED: 20240926_flavourfuse_fb87d78b425043ab6069_20240926071806_database.sql
ZipArchive Object
(
    [status] => 0
    [statusSys] => 0
    [numFiles] => 9650
    [filename] => G:\MAHMUD\PHP\htdocs\wdpf60_wordpress\wordpress_2\wp-content\backups-dup-lite\tmp\20240926_flavourfuse_fb87d78b425043ab6069_20240926071806_archive.zip
    [comment] => 
)

FILE ADDED TO ZIP: 9649
COMPRESSION RESULT: '1'
COMPRESSED SIZE: 85.49MB
ARCHIVE RUNTIME: 75.68 sec.
MEMORY STACK: 6MB
building installer
ARCHIVE CONSISTENCY TEST: PASS

********************************************************************************
INTEGRITY CHECKS:
********************************************************************************
SQL FILE: 4.2MB
INSTALLER FILE: 73.48KB
ARCHIVE FILE: 87.42MB 
EXPECTED FILE/DIRECTORY COUNT: 9,650
ACTUAL FILE/DIRECTORY COUNT: 9,649
ARCHIVE CONSISTENCY TEST: Pass

********************************************************************************
RECORD ID:[1]
TOTAL PROCESS RUNTIME: 90.20 sec.
PEAK PHP MEMORY USED: 6MB
DONE PROCESSING => 20240926_flavourfuse September 26, 2024 7:19 am

